<?xml version="1.0" encoding="UTF-8"?>
<!-- Generated by org.testng.reporters.JUnitReportReporter -->
<testsuite name="com.automation.testcases.LoginTest" tests="1" time="11.714" ignored="0" failures="0" timestamp="29 Apr 2020 10:10:33 GMT" skipped="0" hostname="LAPTOP-E7DOOJ36" errors="0">
  <testcase name="loginApp" time="11.714" classname="com.automation.testcases.LoginTest"/>
</testsuite> <!-- com.automation.testcases.LoginTest -->
